  0.00000000   0.02198464   0.00000000   0.12073852
  0.03141593  -0.20039672   0.03141076   0.13517770
  0.06283185   0.73479088   0.06279052   0.14939526
  0.09424778   0.07724818   0.09410831   0.16357114
  0.12566371   0.01749934   0.12533323   0.17774809
  0.15707963  -0.02275422   0.15643447   0.19196348
  0.18849556   0.53798559   0.18738131   0.20633527
  0.21991149   0.10930656   0.21814324   0.22106252
  0.25132741   0.38253800   0.24868989   0.23629425
  0.28274334   0.63689430   0.27899111   0.25217673
  0.31415927   0.11777280   0.30901699   0.26870977
  0.34557519   0.37047798   0.33873792   0.28535330
  0.37699112  -0.07917583   0.36812455   0.30108199
  0.40840704   0.65761944   0.39714789   0.32833767
  0.43982297  -0.41932384   0.42577929   0.35820462
  0.47123890   0.33444955   0.45399050   0.38689048
  0.50265482   0.36136852   0.48175367   0.41449541
  0.53407075   0.38132535   0.50904142   0.44278785
  0.56548668   0.51409804   0.53582679   0.47316754
  0.59690260   0.74080099   0.56208338   0.50625720
  0.62831853   0.56784950   0.58778525   0.54327838
  0.65973446   0.68267619   0.61290705   0.58365016
  0.69115038   0.76793718   0.63742399   0.62520697
  0.72256631   1.09659726   0.66131187   0.66588624
  0.75398224   0.39220951   0.68454711   0.70321498
  0.78539816   0.40491313   0.70710678   0.73532647
  0.81681409   0.94996049   0.72896863   0.75989888
  0.84823002   0.74677683   0.75011107   0.77973354
  0.87964594   0.66515784   0.77051324   0.79702204
  0.91106187   0.80678285   0.79015501   0.81273185
  0.94247780   1.06434680   0.80901699   0.82748510
  0.97389372   0.94830312   0.82708057   0.84155735
  1.00530965   0.93735727   0.84432793   0.85517385
  1.03672558   0.89705029   0.86074203   0.86881774
  1.06814150   0.76140174   0.87630668   0.88336546
  1.09955743   1.10927824   0.89100652   0.89854164
  1.13097336   0.31921994   0.90482705   0.91171786
  1.16238928   1.37385904   0.91775463   0.92227455
  1.19380521   1.03423408   0.92977649   0.93194822
  1.22522113   0.82742936   0.94088077   0.94100837
  1.25663706   0.79292527   0.95105652   0.94926846
  1.28805299   0.78951670   0.96029369   0.95675464
  1.31946891   1.03597519   0.96858316   0.96295909
  1.35088484   0.90156575   0.97591676   0.96648646
  1.38230077   1.30914606   0.98228725   0.96612385
  1.41371669   1.36295552   0.98768834   0.96162707
  1.44513262   0.61511458   0.99211470   0.95463414
  1.47654855   0.79729245   0.99556196   0.94731928
  1.50796447   1.31790287   0.99802673   0.93988380
  1.53938040   1.06712656   0.99950656   0.93370944
  1.57079633   0.86931933   1.00000000   0.92792099
  1.60221225   0.86452294   0.99950656   0.92103583
  1.63362818   0.84369711   0.99802673   0.91188880
  1.66504411   0.69532441   0.99556196   0.89991216
  1.69646003   0.66043876   0.99211470   0.88608945
  1.72787596   0.63880125   0.98768834   0.87248129
  1.75929189   1.07265246   0.98228725   0.86133328
  1.79070781   1.36833003   0.97591676   0.85328082
  1.82212374   0.44758916   0.96858316   0.84678170
  1.85353967   1.03450910   0.96029369   0.84061612
  1.88495559   1.08858095   0.95105652   0.83484011
  1.91637152   0.86001992   0.94088077   0.82925793
  1.94778745   0.62658465   0.92977649   0.82362980
  1.97920337   0.50365290   0.91775463   0.81724630
  2.01061930   0.78509371   0.90482705   0.80920829
  2.04203522   1.00398457   0.89100652   0.79911193
  2.07345115   0.96940408   0.87630668   0.78751812
  2.10486708   1.02506772   0.86074203   0.77596862
  2.13628300   0.47523047   0.84432793   0.76576822
  2.16769893   0.22089076   0.82708057   0.75699799
  2.19911486   0.80010808   0.80901699   0.74892628
  2.23053078   1.04469837   0.79015501   0.74168904
  2.26194671   0.98541335   0.77051324   0.73390119
  2.29336264   0.72305300   0.75011107   0.72354338
  2.32477856   0.69332947   0.72896863   0.70958124
  2.35619449   0.62475049   0.70710678   0.69315518
  2.38761042   0.51163886   0.68454711   0.67594203
  2.41902634   0.71639663   0.66131187   0.65864757
  2.45044227   0.65254225   0.63742399   0.64039257
  2.48185820   0.93814262   0.61290705   0.61898542
  2.51327412   0.72099062   0.58778525   0.59400145
  2.54469005   0.42999596   0.56208338   0.56706777
  2.57610598   0.46475603   0.53582679   0.53938391
  2.60752190   0.50427532   0.50904142   0.51119905
  2.63893783   0.29740757   0.48175367   0.48249071
  2.67035376   0.57576236   0.45399050   0.45275381
  2.70176968   0.43522819   0.42577929   0.42132999
  2.73318561   0.52087625   0.39714789   0.38886980
  2.76460154   0.49956543   0.36812455   0.35771187
  2.79601746  -0.01705179   0.33873792   0.32890894
  2.82743339   0.46685190   0.30901699   0.30235467
  2.85884931   0.37150104   0.27899111   0.27599667
  2.89026524  -0.13735429   0.24868989   0.24727480
  2.92168117   0.23371501   0.21814324   0.21582851
  2.95309709   0.46687484   0.18738131   0.18249522
  2.98451302   0.21698800   0.15643447   0.14719730
  3.01592895  -0.17767133   0.12533323   0.11067381
  3.04734487   0.06755317   0.09410831   0.07467336
  3.07876080   0.57962864   0.06279052   0.04018689
  3.11017673  -0.18988339   0.03141076   0.00700803
  3.14159265   0.23315416  -0.00000000  -0.02605421
  3.17300858  -0.43525150  -0.03141076  -0.05998708
  3.20442451  -0.26922914  -0.06279052  -0.09542126
  3.23584043   0.12371014  -0.09410831  -0.13357632
  3.26725636  -0.11398481  -0.12533323  -0.17379665
  3.29867229  -0.64710089  -0.15643447  -0.21383951
  3.33008821  -0.18443349  -0.18738131  -0.25384559
  3.36150414  -0.08931275  -0.21814324  -0.29413060
  3.39292007  -0.18638219  -0.24868989  -0.33299848
  3.42433599  -0.42392811  -0.27899111  -0.36888079
  3.45575192  -0.34753965  -0.30901699  -0.40246668
  3.48716785  -0.41037226  -0.33873792  -0.43490092
  3.51858377  -0.55780790  -0.36812455  -0.46497738
  3.54999970  -0.74214376  -0.39714789  -0.49239320
  3.58141563  -0.48519896  -0.42577929  -0.51669506
  3.61283155  -0.29122547  -0.45399050  -0.53816787
  3.64424748  -0.92656200  -0.48175367  -0.55786798
  3.67566340  -0.76567172  -0.50904142  -0.57576619
  3.70707933  -0.37565026  -0.53582679  -0.59137572
  3.73849526  -0.71958036  -0.56208338  -0.60456034
  3.76991118  -0.88858045  -0.58778525  -0.61640612
  3.80132711  -0.61171882  -0.61290705  -0.62858232
  3.83274304  -0.18301542  -0.63742399  -0.64189791
  3.86415896  -0.57174051  -0.66131187  -0.65649675
  3.89557489  -0.71437761  -0.68454711  -0.67244790
  3.92699082  -0.71395737  -0.70710678  -0.68907676
  3.95840674  -0.66698234  -0.72896863  -0.70647772
  3.98982267  -0.45098264  -0.75011107  -0.72675058
  4.02123860  -1.08102231  -0.77051324  -0.75072005
  4.05265452  -0.57501260  -0.79015501  -0.77703355
  4.08407045  -0.74787881  -0.80901699  -0.80250001
  4.11548638  -1.04717444  -0.82708057  -0.82557384
  4.14690230  -1.01271062  -0.84432793  -0.84496571
  4.17831823  -0.79757530  -0.86074203  -0.85998145
  4.20973416  -0.92349581  -0.87630668  -0.87219081
  4.24115008  -0.73957487  -0.89100652  -0.88370347
  4.27256601  -0.95151310  -0.90482705  -0.89405082
  4.30398194  -1.46919773  -0.91775463  -0.90232529
  4.33539786  -0.75438502  -0.92977649  -0.90841541
  4.36681379  -1.13194471  -0.94088077  -0.91244798
  4.39822972  -0.32739533  -0.95105652  -0.91378285
  4.42964564  -0.80700737  -0.96029369  -0.91198286
  4.46106157  -0.85672692  -0.96858316  -0.90921208
  4.49247749  -0.95552048  -0.97591676  -0.90686738
  4.52389342  -1.24995706  -0.98228725  -0.90475117
  4.55530935  -1.08262063  -0.98768834  -0.90225705
  4.58672527  -0.60798267  -0.99211470  -0.89857112
  4.61814120  -0.87660512  -0.99556196  -0.89414016
  4.64955713  -0.97332754  -0.99802673  -0.89044355
  4.68097305  -1.08022156  -0.99950656  -0.88870486
  4.71238898  -0.50948915  -1.00000000  -0.88767007
  4.74380491  -0.94568796  -0.99950656  -0.88574893
  4.77522083  -1.20769570  -0.99802673  -0.88298273
  4.80663676  -0.86795262  -0.99556196  -0.88121664
  4.83805269  -0.79082021  -0.99211470  -0.88072074
  4.86946861  -0.81622518  -0.98768834  -0.88168974
  4.90088454  -0.40445528  -0.98228725  -0.88231278
  4.93230047  -0.95989726  -0.97591676  -0.88076976
  4.96371639  -0.82834714  -0.96858316  -0.87606835
  4.99513232  -1.31786754  -0.96029369  -0.86946173
  5.02654825  -1.02510087  -0.95105652  -0.86259629
  5.05796417  -0.59310739  -0.94088077  -0.85703002
  5.08938010  -1.05544883  -0.92977649  -0.85364080
  5.12079603  -1.00407159  -0.91775463  -0.85268893
  5.15221195  -0.56557548  -0.90482705  -0.85247386
  5.18362788  -1.25896467  -0.89100652  -0.84969502
  5.21504380  -0.38694189  -0.87630668  -0.84189367
  5.24645973  -1.01302354  -0.86074203  -0.82858733
  5.27787566  -0.43859170  -0.84432793  -0.81106557
  5.30929158  -0.78579710  -0.82708057  -0.79155760
  5.34070751  -0.81143395  -0.80901699  -0.77183510
  5.37212344  -1.12492437  -0.79015501  -0.75346198
  5.40353936  -1.00197308  -0.77051324  -0.73652589
  5.43495529  -0.59280599  -0.75011107  -0.72139580
  5.46637122  -0.80098914  -0.72896863  -0.70738040
  5.49778714  -0.65723766  -0.70710678  -0.69205917
  5.52920307  -0.37914338  -0.68454711  -0.67375179
  5.56061900  -0.73112942  -0.66131187  -0.65176440
  5.59203492  -0.61273121  -0.63742399  -0.62515880
  5.62345085  -0.47505834  -0.61290705  -0.59579789
  5.65486678  -0.53752564  -0.58778525  -0.56799016
  5.68628270  -0.74912569  -0.56208338  -0.54608151
  5.71769863  -0.53071792  -0.53582679  -0.53043422
  5.74911456  -0.82337063  -0.50904142  -0.51922437
  5.78053048  -0.30430727  -0.48175367  -0.50809316
  5.81194641  -0.20494355  -0.45399050  -0.49348814
  5.84336234  -0.49140425  -0.42577929  -0.47480502
  5.87477826  -0.34561695  -0.39714789  -0.45162533
  5.90619419  -0.24123483  -0.36812455  -0.41549642
  5.93761012  -0.27608576  -0.33873792  -0.37184096
  5.96902604  -1.13970780  -0.30901699  -0.32606398
  6.00044197  -0.83758466  -0.27899111  -0.27990438
  6.03185789   0.02994796  -0.24868989  -0.23351339
  6.06327382  -0.46166755  -0.21814324  -0.18667058
  6.09468975   0.13196726  -0.18738131  -0.13919893
  6.12610567  -0.03614071  -0.15643447  -0.09089735
  6.15752160  -0.43583755  -0.12533323  -0.04164334
  6.18893753  -0.00324230  -0.09410831   0.00867481
  6.22035345   0.05281695  -0.06279052   0.06026594
  6.25176938   0.73187991  -0.03141076   0.11334090
