\BOOKMARK [1][-]{section.1}{\376\377\000s\000t\000a\000t\0001\000:\000\040\000m\000e\000a\000n\000\040\000o\000f\000\040\000a\000n\000\040\000a\000r\000r\000a\000y}{}% 1
\BOOKMARK [2][-]{subsection.1.1}{\376\377\000U\000s\000e}{section.1}% 2
\BOOKMARK [2][-]{subsection.1.2}{\376\377\000T\000h\000e\000o\000r\000y}{section.1}% 3
\BOOKMARK [1][-]{section.2}{\376\377\000s\000t\000a\000t\0002\000:\000\040\000m\000e\000a\000n\000\040\000a\000n\000d\000\040\000b\000i\000a\000s\000e\000d\000\040\000v\000a\000r\000i\000a\000n\000c\000e\000\040\000o\000f\000\040\000a\000n\000\040\000a\000r\000r\000a\000y}{}% 4
\BOOKMARK [2][-]{subsection.2.1}{\376\377\000U\000s\000e}{section.2}% 5
\BOOKMARK [2][-]{subsection.2.2}{\376\377\000T\000h\000e\000o\000r\000y}{section.2}% 6
\BOOKMARK [1][-]{section.3}{\376\377\000n\000a\000n\000s\000t\000a\000t\0001\000:\000\040\000m\000e\000a\000n\000,\000\040\000i\000g\000n\000o\000r\000i\000n\000g\000\040\000n\000a\000n\000s}{}% 7
\BOOKMARK [2][-]{subsection.3.1}{\376\377\000U\000s\000e}{section.3}% 8
\BOOKMARK [2][-]{subsection.3.2}{\376\377\000T\000h\000e\000o\000r\000y}{section.3}% 9
\BOOKMARK [1][-]{section.4}{\376\377\000n\000a\000n\000s\000t\000a\000t\0002\000:\000\040\000m\000e\000a\000n\000\040\000a\000n\000d\000\040\000b\000i\000a\000s\000e\000d\000\040\000v\000a\000r\000i\000a\000n\000c\000e\000,\000\040\000i\000g\000n\000o\000r\000i\000n\000g\000\040\000n\000a\000n\000s}{}% 10
\BOOKMARK [2][-]{subsection.4.1}{\376\377\000U\000s\000e}{section.4}% 11
\BOOKMARK [2][-]{subsection.4.2}{\376\377\000T\000h\000e\000o\000r\000y}{section.4}% 12
\BOOKMARK [1][-]{section.5}{\376\377\000w\000s\000t\000a\000t\0001\000:\000\040\000w\000e\000i\000g\000h\000t\000e\000d\000\040\000m\000e\000a\000n}{}% 13
\BOOKMARK [2][-]{subsection.5.1}{\376\377\000U\000s\000e}{section.5}% 14
\BOOKMARK [2][-]{subsection.5.2}{\376\377\000T\000h\000e\000o\000r\000y}{section.5}% 15
\BOOKMARK [1][-]{section.6}{\376\377\000w\000s\000t\000a\000t\0002\000:\000\040\000w\000e\000i\000g\000h\000t\000e\000d\000\040\000m\000e\000a\000n\000\040\000a\000n\000d\000\040\000v\000a\000r\000i\000a\000n\000c\000e}{}% 16
\BOOKMARK [2][-]{subsection.6.1}{\376\377\000U\000s\000e}{section.6}% 17
\BOOKMARK [2][-]{subsection.6.2}{\376\377\000T\000h\000e\000o\000r\000y}{section.6}% 18
\BOOKMARK [1][-]{section.7}{\376\377\000n\000a\000n\000w\000s\000t\000a\000t\0001\000:\000\040\000w\000e\000i\000g\000h\000t\000e\000d\000\040\000m\000e\000a\000n\000,\000\040\000i\000g\000n\000o\000r\000i\000n\000g\000\040\000N\000a\000N\000s}{}% 19
\BOOKMARK [2][-]{subsection.7.1}{\376\377\000U\000s\000e}{section.7}% 20
\BOOKMARK [2][-]{subsection.7.2}{\376\377\000T\000h\000e\000o\000r\000y}{section.7}% 21
\BOOKMARK [1][-]{section.8}{\376\377\000g\000m\000e\000a\000n\000:\000\040\000g\000e\000o\000m\000e\000t\000r\000i\000c\000\040\000m\000e\000a\000n}{}% 22
\BOOKMARK [2][-]{subsection.8.1}{\376\377\000U\000s\000e}{section.8}% 23
\BOOKMARK [2][-]{subsection.8.2}{\376\377\000T\000h\000e\000o\000r\000y}{section.8}% 24
\BOOKMARK [1][-]{section.9}{\376\377\000l\000o\000g\000m\000o\000d\000:\000\040\000l\000o\000g\000-\000m\000o\000d\000u\000l\000u\000s\000\040\000f\000u\000n\000c\000t\000i\000o\000n}{}% 25
\BOOKMARK [2][-]{subsection.9.1}{\376\377\000U\000s\000e}{section.9}% 26
\BOOKMARK [2][-]{subsection.9.2}{\376\377\000T\000h\000e\000o\000r\000y}{section.9}% 27
\BOOKMARK [1][-]{section.10}{\376\377\000e\000x\000p\000m\000o\000d\000:\000\040\000e\000x\000p\000o\000n\000e\000n\000t\000i\000a\000l\000-\000m\000o\000d\000u\000l\000u\000s\000\040\000f\000u\000n\000c\000t\000i\000o\000n}{}% 28
\BOOKMARK [2][-]{subsection.10.1}{\376\377\000U\000s\000e}{section.10}% 29
\BOOKMARK [2][-]{subsection.10.2}{\376\377\000T\000h\000e\000o\000r\000y}{section.10}% 30
\BOOKMARK [1][-]{section.11}{\376\377\000g\000m\000o\000m\000:\000\040\000g\000e\000o\000m\000e\000t\000r\000i\000c\000-\000m\000o\000d\000u\000l\000u\000s\000\040\000m\000e\000a\000n}{}% 31
\BOOKMARK [2][-]{subsection.11.1}{\376\377\000U\000s\000e}{section.11}% 32
\BOOKMARK [2][-]{subsection.11.2}{\376\377\000T\000h\000e\000o\000r\000y}{section.11}% 33
\BOOKMARK [1][-]{section.12}{\376\377\000c\000o\000v\000a\000r\000:\000\040\000t\000h\000e\000\040\000c\000o\000v\000a\000r\000i\000a\000n\000c\000e}{}% 34
\BOOKMARK [2][-]{subsection.12.1}{\376\377\000U\000s\000e}{section.12}% 35
\BOOKMARK [2][-]{subsection.12.2}{\376\377\000T\000h\000e\000o\000r\000y}{section.12}% 36
\BOOKMARK [1][-]{section.13}{\376\377\000t\000r\000i\000v\000a\000r\000:\000\040\000t\000h\000e\000\040\000t\000r\000i\000v\000a\000r\000i\000a\000n\000c\000e}{}% 37
\BOOKMARK [2][-]{subsection.13.1}{\376\377\000U\000s\000e}{section.13}% 38
\BOOKMARK [2][-]{subsection.13.2}{\376\377\000T\000h\000e\000o\000r\000y}{section.13}% 39
\BOOKMARK [1][-]{section.14}{\376\377\000m\000e\000d\000i\000a\000n\000:\000\040\000t\000h\000e\000\040\000m\000e\000d\000i\000a\000n}{}% 40
\BOOKMARK [2][-]{subsection.14.1}{\376\377\000U\000s\000e}{section.14}% 41
\BOOKMARK [2][-]{subsection.14.2}{\376\377\000T\000h\000e\000o\000r\000y}{section.14}% 42
\BOOKMARK [1][-]{section.15}{\376\377\000n\000a\000n\000m\000e\000d\000i\000a\000n\000:\000\040\000t\000h\000e\000\040\000m\000e\000d\000i\000a\000n\000,\000\040\000i\000g\000n\000o\000r\000i\000n\000g\000\040\000N\000a\000N\000s}{}% 43
\BOOKMARK [2][-]{subsection.15.1}{\376\377\000U\000s\000e}{section.15}% 44
\BOOKMARK [2][-]{subsection.15.2}{\376\377\000T\000h\000e\000o\000r\000y}{section.15}% 45
\BOOKMARK [1][-]{section.16}{\376\377\000q\000u\000a\000r\000t\000i\000l\000e\000s\000:\000\040\000r\000e\000t\000u\000r\000n\000s\000\040\000t\000h\000e\000\040\000q\000u\000a\000r\000t\000i\000l\000e\000s\000\040\000o\000f\000\040\000a\000n\000\040\000a\000r\000r\000a\000y}{}% 46
\BOOKMARK [2][-]{subsection.16.1}{\376\377\000U\000s\000e}{section.16}% 47
\BOOKMARK [2][-]{subsection.16.2}{\376\377\000T\000h\000e\000o\000r\000y}{section.16}% 48
\BOOKMARK [1][-]{section.17}{\376\377\000w\000h\000i\000s\000k\000e\000r\000s\000:\000\040\000r\000e\000t\000u\000r\000n\000s\000\040\000t\000h\000e\000\040\000m\000i\000n\000i\000m\000u\000m\000,\000\040\000q\000u\000a\000r\000t\000i\000l\000e\000s\000,\000\040\000a\000n\000d\000\040\000m\000a\000x\000i\000m\000u\000m\000\040\000o\000f\000\040\000a\000n\000\040\000a\000r\000r\000a\000y}{}% 49
\BOOKMARK [2][-]{subsection.17.1}{\376\377\000U\000s\000e}{section.17}% 50
\BOOKMARK [2][-]{subsection.17.2}{\376\377\000T\000h\000e\000o\000r\000y}{section.17}% 51
\BOOKMARK [1][-]{section.18}{\376\377\000x\000b\000i\000n\000s\000:\000\040\000b\000i\000n\000s\000\040\000d\000a\000t\000a\000\040\000i\000n\000t\000o\000\040\000a\000\040\000r\000a\000g\000g\000e\000d\000\040\000a\000r\000r\000a\000y}{}% 52
\BOOKMARK [2][-]{subsection.18.1}{\376\377\000U\000s\000e}{section.18}% 53
\BOOKMARK [2][-]{subsection.18.2}{\376\377\000T\000h\000e\000o\000r\000y}{section.18}% 54
\BOOKMARK [1][-]{section.19}{\376\377\000o\000u\000t\000l\000i\000m\000i\000t\000s\000:\000\040\000d\000e\000f\000i\000n\000e\000s\000\040\000l\000i\000m\000i\000t\000s\000\040\000t\000o\000\040\000d\000e\000t\000e\000c\000t\000\040\000o\000u\000t\000l\000i\000e\000r\000s\000\040\000b\000a\000s\000e\000d\000\040\000o\000n\000\040\000t\000h\000e\000\040\000i\000n\000t\000e\000r\000q\000u\000a\000r\000t\000i\000l\000e\000\040\000r\000a\000n\000g\000e}{}% 55
\BOOKMARK [2][-]{subsection.19.1}{\376\377\000U\000s\000e}{section.19}% 56
\BOOKMARK [2][-]{subsection.19.2}{\376\377\000T\000h\000e\000o\000r\000y}{section.19}% 57
\BOOKMARK [1][-]{section.20}{\376\377\000f\000o\000r\000c\000e\000\137\000b\000o\000u\000n\000d\000s\000:\000\040\000c\000o\000n\000s\000t\000r\000a\000i\000n\000s\000\040\000x\000\040\000t\000o\000\040\000t\000h\000e\000\040\000b\000o\000u\000n\000d\000s\000\040\000x\000m\000i\000n\000,\000\040\000x\000m\000a\000x\000.}{}% 58
\BOOKMARK [2][-]{subsection.20.1}{\376\377\000U\000s\000e}{section.20}% 59
\BOOKMARK [2][-]{subsection.20.2}{\376\377\000T\000h\000e\000o\000r\000y}{section.20}% 60
\BOOKMARK [1][-]{section.21}{\376\377\000r\000e\000g\000l\000i\000n\000:\000\040\000l\000i\000n\000e\000a\000r\000\040\000r\000e\000g\000r\000e\000s\000s\000i\000o\000n}{}% 61
\BOOKMARK [2][-]{subsection.21.1}{\376\377\000U\000s\000e}{section.21}% 62
\BOOKMARK [2][-]{subsection.21.2}{\376\377\000T\000h\000e\000o\000r\000y}{section.21}% 63
\BOOKMARK [1][-]{section.22}{\376\377\000r\000e\000g\000l\000i\000n\000a\000:\000\040\000l\000i\000n\000e\000a\000r\000\040\000r\000e\000g\000r\000e\000s\000s\000i\000o\000n\000\040\000t\000h\000r\000o\000u\000g\000h\000\040\000t\000h\000e\000\040\000o\000r\000i\000g\000i\000n}{}% 64
\BOOKMARK [2][-]{subsection.22.1}{\376\377\000U\000s\000e}{section.22}% 65
\BOOKMARK [2][-]{subsection.22.2}{\376\377\000T\000h\000e\000o\000r\000y}{section.22}% 66
\BOOKMARK [1][-]{section.23}{\376\377\000r\000e\000g\000l\000i\000n\000p\000a\000r\000:\000\040\000l\000i\000n\000e\000a\000r\000\040\000r\000e\000g\000r\000e\000s\000s\000i\000o\000n\000,\000\040\000w\000i\000t\000h\000\040\000e\000r\000r\000o\000r\000\040\000e\000s\000t\000i\000m\000a\000t\000e\000s}{}% 67
\BOOKMARK [2][-]{subsection.23.1}{\376\377\000U\000s\000e}{section.23}% 68
\BOOKMARK [2][-]{subsection.23.2}{\376\377\000T\000h\000e\000o\000r\000y}{section.23}% 69
\BOOKMARK [1][-]{section.24}{\376\377\000o\000l\000s\000:\000\040\000O\000r\000d\000i\000n\000a\000r\000y\000\040\000l\000e\000a\000s\000t\000\040\000s\000q\000u\000a\000r\000e\000s}{}% 70
\BOOKMARK [2][-]{subsection.24.1}{\376\377\000U\000s\000e}{section.24}% 71
\BOOKMARK [2][-]{subsection.24.2}{\376\377\000T\000h\000e\000o\000r\000y}{section.24}% 72
\BOOKMARK [1][-]{section.25}{\376\377\000i\000n\000i\000t\000\137\000l\000o\000w\000e\000s\000s\000:\000\040\000i\000n\000i\000t\000i\000a\000l\000i\000z\000e\000\040\000d\000a\000t\000a\000\040\000f\000o\000r\000\040\000f\000u\000t\000h\000e\000r\000\040\000l\000o\000w\000e\000s\000s\000\040\000e\000s\000t\000i\000m\000a\000t\000e\000s}{}% 73
\BOOKMARK [2][-]{subsection.25.1}{\376\377\000U\000s\000e}{section.25}% 74
\BOOKMARK [2][-]{subsection.25.2}{\376\377\000T\000h\000e\000o\000r\000y}{section.25}% 75
\BOOKMARK [1][-]{section.26}{\376\377\000l\000o\000w\000e\000s\000s\000\137\000e\000s\000t\000i\000m\000a\000t\000e\000:\000\040\000e\000s\000t\000i\000m\000a\000t\000e\000\040\000"\0000\0003\0006\0002\000y\000\040\000a\000t\000\040\000a\000\040\000p\000o\000i\000n\000t\000\040\000x\000\040\000u\000s\000i\000n\000g\000\040\000o\000r\000d\000i\000n\000a\000r\000y\000\040\000l\000e\000a\000s\000t\000\040\000s\000q\000u\000a\000r\000e\000s}{}% 76
\BOOKMARK [2][-]{subsection.26.1}{\376\377\000U\000s\000e}{section.26}% 77
\BOOKMARK [2][-]{subsection.26.2}{\376\377\000T\000h\000e\000o\000r\000y}{section.26}% 78
\BOOKMARK [1][-]{section.27}{\376\377\000s\000t\000e\000e\000p\000:\000\040\000S\000t\000e\000e\000p\000e\000s\000t\000\040\000d\000e\000s\000c\000e\000n\000t\000\040\000m\000e\000t\000h\000o\000d\000\040\000f\000o\000r\000\040\000n\000o\000n\000l\000i\000n\000e\000a\000r\000\040\000l\000e\000a\000s\000t\000\040\000s\000q\000u\000a\000r\000e\000s}{}% 79
\BOOKMARK [1][-]{section.28}{\376\377\000g\000n\000e\000w\000t\000o\000n\000:\000\040\000G\000a\000u\000s\000s\000-\000N\000e\000w\000t\000o\000n\000\040\000m\000e\000t\000h\000o\000d\000\040\000f\000o\000r\000\040\000n\000o\000n\000l\000i\000n\000e\000a\000r\000\040\000l\000e\000a\000s\000t\000\040\000s\000q\000u\000a\000r\000e\000s}{}% 80
\BOOKMARK [1][-]{section.29}{\376\377\000l\000e\000v\000m\000a\000r\000:\000\040\000L\000e\000v\000e\000n\000b\000e\000r\000g\000-\000M\000a\000r\000q\000u\000a\000r\000d\000t}{}% 81
